<?xml version="1.0" encoding="UTF-8"?>
<testsuite xmlns:xsi="http://www.w3.org/2001/XMLSchema-instance" xsi:noNamespaceSchemaLocation="https://maven.apache.org/surefire/maven-surefire-plugin/xsd/surefire-test-report.xsd" name="textstatistics.TextStatisticsApplicationTest" time="1.662" tests="1" errors="0" skipped="0" failures="0">
  <properties>
    <property name="sun.desktop" value="windows"/>
    <property name="awt.toolkit" value="sun.awt.windows.WToolkit"/>
    <property name="java.specification.version" value="11"/>
    <property name="sun.cpu.isalist" value="amd64"/>
    <property name="sun.jnu.encoding" value="Cp1250"/>
    <property name="java.class.path" value="C:\Users\dkazmierczak\Documents\NetBeansProjects\mooc-java-programming-ii\part13-Part13_05.TextStatistics\target\test-classes;C:\Users\dkazmierczak\Documents\NetBeansProjects\mooc-java-programming-ii\part13-Part13_05.TextStatistics\target\classes;C:\Users\dkazmierczak\.m2\repository\junit\junit\4.12\junit-4.12.jar;C:\Users\dkazmierczak\.m2\repository\org\hamcrest\hamcrest-core\1.3\hamcrest-core-1.3.jar;C:\Users\dkazmierczak\.m2\repository\fi\helsinki\cs\tmc\edu-test-utils\0.4.2\edu-test-utils-0.4.2.jar;C:\Users\dkazmierczak\.m2\repository\org\testfx\testfx-junit\4.0.15-alpha\testfx-junit-4.0.15-alpha.jar;C:\Users\dkazmierczak\.m2\repository\org\testfx\testfx-core\4.0.15-alpha\testfx-core-4.0.15-alpha.jar;C:\Users\dkazmierczak\.m2\repository\org\assertj\assertj-core\3.11.1\assertj-core-3.11.1.jar;C:\Users\dkazmierczak\.m2\repository\org\testfx\openjfx-monocle\jdk-11+26\openjfx-monocle-jdk-11+26.jar;C:\Users\dkazmierczak\.m2\repository\org\openjfx\javafx-base\11-ea+25\javafx-base-11-ea+25-win.jar;C:\Users\dkazmierczak\.m2\repository\org\openjfx\javafx-controls\11-ea+25\javafx-controls-11-ea+25-win.jar;C:\Users\dkazmierczak\.m2\repository\org\openjfx\javafx-graphics\11-ea+25\javafx-graphics-11-ea+25-win.jar;C:\Users\dkazmierczak\.m2\repository\org\openjfx\javafx-base\11.0.2\javafx-base-11.0.2.jar;C:\Users\dkazmierczak\.m2\repository\org\openjfx\javafx-controls\11.0.2\javafx-controls-11.0.2.jar;C:\Users\dkazmierczak\.m2\repository\org\openjfx\javafx-graphics\11.0.2\javafx-graphics-11.0.2.jar;"/>
    <property name="java.vm.vendor" value="Oracle Corporation"/>
    <property name="sun.arch.data.model" value="64"/>
    <property name="user.variant" value=""/>
    <property name="java.vendor.url" value="https://openjdk.java.net/"/>
    <property name="user.timezone" value="Europe/Belgrade"/>
    <property name="java.vm.specification.version" value="11"/>
    <property name="os.name" value="Windows 10"/>
    <property name="sun.java.launcher" value="SUN_STANDARD"/>
    <property name="user.country" value="PL"/>
    <property name="sun.boot.library.path" value="C:\Program Files\Java\jdk-11.0.14\bin"/>
    <property name="sun.java.command" value="C:\Users\DKAZMI~1\AppData\Local\Temp\surefire16350317473733472451\surefirebooter9673411728375728094.jar C:\Users\dkazmierczak\AppData\Local\Temp\surefire16350317473733472451 2022-07-28T13-35-32_321-jvmRun1 surefire924011591560307649tmp surefire_0901832389599126131tmp"/>
    <property name="jdk.debug" value="release"/>
    <property name="surefire.test.class.path" value="C:\Users\dkazmierczak\Documents\NetBeansProjects\mooc-java-programming-ii\part13-Part13_05.TextStatistics\target\test-classes;C:\Users\dkazmierczak\Documents\NetBeansProjects\mooc-java-programming-ii\part13-Part13_05.TextStatistics\target\classes;C:\Users\dkazmierczak\.m2\repository\junit\junit\4.12\junit-4.12.jar;C:\Users\dkazmierczak\.m2\repository\org\hamcrest\hamcrest-core\1.3\hamcrest-core-1.3.jar;C:\Users\dkazmierczak\.m2\repository\fi\helsinki\cs\tmc\edu-test-utils\0.4.2\edu-test-utils-0.4.2.jar;C:\Users\dkazmierczak\.m2\repository\org\testfx\testfx-junit\4.0.15-alpha\testfx-junit-4.0.15-alpha.jar;C:\Users\dkazmierczak\.m2\repository\org\testfx\testfx-core\4.0.15-alpha\testfx-core-4.0.15-alpha.jar;C:\Users\dkazmierczak\.m2\repository\org\assertj\assertj-core\3.11.1\assertj-core-3.11.1.jar;C:\Users\dkazmierczak\.m2\repository\org\testfx\openjfx-monocle\jdk-11+26\openjfx-monocle-jdk-11+26.jar;C:\Users\dkazmierczak\.m2\repository\org\openjfx\javafx-base\11-ea+25\javafx-base-11-ea+25-win.jar;C:\Users\dkazmierczak\.m2\repository\org\openjfx\javafx-controls\11-ea+25\javafx-controls-11-ea+25-win.jar;C:\Users\dkazmierczak\.m2\repository\org\openjfx\javafx-graphics\11-ea+25\javafx-graphics-11-ea+25-win.jar;C:\Users\dkazmierczak\.m2\repository\org\openjfx\javafx-base\11.0.2\javafx-base-11.0.2.jar;C:\Users\dkazmierczak\.m2\repository\org\openjfx\javafx-controls\11.0.2\javafx-controls-11.0.2.jar;C:\Users\dkazmierczak\.m2\repository\org\openjfx\javafx-graphics\11.0.2\javafx-graphics-11.0.2.jar;"/>
    <property name="sun.cpu.endian" value="little"/>
    <property name="user.home" value="C:\Users\dkazmierczak"/>
    <property name="user.language" value="pl"/>
    <property name="java.specification.vendor" value="Oracle Corporation"/>
    <property name="java.version.date" value="2022-01-18"/>
    <property name="java.home" value="C:\Program Files\Java\jdk-11.0.14"/>
    <property name="file.separator" value="\"/>
    <property name="basedir" value="C:\Users\dkazmierczak\Documents\NetBeansProjects\mooc-java-programming-ii\part13-Part13_05.TextStatistics"/>
    <property name="java.vm.compressedOopsMode" value="Zero based"/>
    <property name="line.separator" value="&#10;"/>
    <property name="java.specification.name" value="Java Platform API Specification"/>
    <property name="java.vm.specification.vendor" value="Oracle Corporation"/>
    <property name="java.awt.graphicsenv" value="sun.awt.Win32GraphicsEnvironment"/>
    <property name="surefire.real.class.path" value="C:\Users\DKAZMI~1\AppData\Local\Temp\surefire16350317473733472451\surefirebooter9673411728375728094.jar"/>
    <property name="jdk.net.URLClassPath.disableClassPathURLCheck" value="true"/>
    <property name="user.script" value=""/>
    <property name="sun.management.compiler" value="HotSpot 64-Bit Tiered Compilers"/>
    <property name="java.runtime.version" value="11.0.14+8-LTS-263"/>
    <property name="user.name" value="dkazmierczak"/>
    <property name="path.separator" value=";"/>
    <property name="os.version" value="10.0"/>
    <property name="java.runtime.name" value="Java(TM) SE Runtime Environment"/>
    <property name="file.encoding" value="UTF-8"/>
    <property name="java.vm.name" value="Java HotSpot(TM) 64-Bit Server VM"/>
    <property name="java.vendor.version" value="18.9"/>
    <property name="localRepository" value="C:\Users\dkazmierczak\.m2\repository"/>
    <property name="java.vendor.url.bug" value="https://bugreport.java.com/bugreport/"/>
    <property name="java.io.tmpdir" value="C:\Users\DKAZMI~1\AppData\Local\Temp\"/>
    <property name="java.version" value="11.0.14"/>
    <property name="user.dir" value="C:\Users\dkazmierczak\Documents\NetBeansProjects\mooc-java-programming-ii\part13-Part13_05.TextStatistics"/>
    <property name="os.arch" value="amd64"/>
    <property name="java.vm.specification.name" value="Java Virtual Machine Specification"/>
    <property name="java.awt.printerjob" value="sun.awt.windows.WPrinterJob"/>
    <property name="sun.os.patch.level" value=""/>
    <property name="java.library.path" value="C:\Program Files\Java\jdk-11.0.14\bin;C:\Windows\Sun\Java\bin;C:\Windows\system32;C:\Windows;C:\Program Files\Eclipse Foundation\jdk-16.0.2.7-hotspot\bin;C:\Program Files\Eclipse Adoptium\jdk-18.0.1.10-hotspot\bin;C:\Program Files\Eclipse Adoptium\jdk-17.0.3.7-hotspot\bin;C:\Program Files\Common Files\Oracle\Java\javapath;C:\Program Files (x86)\Common Files\Oracle\Java\javapath;D:\Program Files (x86)\VMware\VMware Player\bin\;C:\Windows\system32;C:\Windows;C:\Windows\System32\Wbem;C:\Windows\System32\WindowsPowerShell\v1.0\;C:\Windows\System32\OpenSSH\;C:\Program Files\Git\cmd;C:\Program Files\dotnet\;C:\Program Files (x86)\dotnet\;C:\Program Files (x86)\CODESYS\APInstaller\;C:\Program Files\apache-maven-3.8.6\bin;C:\Program Files\gradle-7.5\bin;C:\Users\dkazmierczak\AppData\Local\Microsoft\WindowsApps;."/>
    <property name="java.vendor" value="Oracle Corporation"/>
    <property name="java.vm.info" value="mixed mode"/>
    <property name="java.vm.version" value="11.0.14+8-LTS-263"/>
    <property name="sun.io.unicode.encoding" value="UnicodeLittle"/>
    <property name="java.class.version" value="55.0"/>
  </properties>
  <testcase name="theDesiredElementsAreFound" classname="textstatistics.TextStatisticsApplicationTest" time="1.557"/>
</testsuite>